Script name: main
Log dir: /app/logs/main/2026-04-11
Log file: /app/logs/main/2026-04-11/run_20260411_134543.log

====================================================================================================
START STEP: Login
====================================================================================================
Eseguo sequenza actions: [{'type': 'goto', 'url': 'https://solar.siseli.com/#/user/login?redirect=%23%2Fuser%2Flogin', 'timeout': 120000}, {'type': 'wait', 'ms': 5000}, {'type': 'fill', 'selector': '#account', 'value': 'sersebasti'}, {'type': 'wait', 'ms': 1000}, {'type': 'fill', 'selector': '#password', 'value': 'Merca10tello'}, {'type': 'wait', 'ms': 1000}, {'type': 'click', 'selector': "button[type='submit']"}, {'type': 'wait', 'ms': 5000}, {'type': 'custom_screenshot', 'name': 'after_login.png'}]
[ACTION 1] goto url=https://solar.siseli.com/#/user/login?redirect=%23%2Fuser%2Flogin
[ACTION 2] wait ms=5000
[ACTION 3] fill selector=#account count=1
[ACTION 4] wait ms=1000
[ACTION 5] fill selector=#password count=1
[ACTION 6] wait ms=1000
[ACTION 7] click selector=button[type='submit'] count=1
[ACTION 8] wait ms=5000
Screenshot salvato: logs/main/2026-04-11/after_login.png
Verifico reaction: {'type': 'element_present', 'selector': "div.ant-menu-submenu-title:has-text('Operations')"}
[REACTION] selector=div.ant-menu-submenu-title:has-text('Operations') count=1 url=https://solar.siseli.com/#/operator/overview
Esito reaction Login: True
END STEP: Login

====================================================================================================
START STEP: Station Device click
====================================================================================================
Eseguo sequenza actions: [{'type': 'click', 'selector': "div.ant-menu-submenu-title:has-text('Station Device')"}, {'type': 'wait', 'ms': 1000}, {'type': 'custom_screenshot', 'name': 'after_station device click.png'}]
[ACTION 1] click selector=div.ant-menu-submenu-title:has-text('Station Device') count=1
[ACTION 2] wait ms=1000
Screenshot salvato: logs/main/2026-04-11/after_station device click.png
Verifico reaction: {'type': 'element_present', 'selector': "a[href='#/operator/stationDevice/deviceList']"}
[REACTION] selector=a[href='#/operator/stationDevice/deviceList'] count=1 url=https://solar.siseli.com/#/operator/overview
Esito reaction Station Device click: True
END STEP: Station Device click

====================================================================================================
START STEP: Device List click
====================================================================================================
Eseguo sequenza actions: [{'type': 'click', 'selector': "a[href='#/operator/stationDevice/deviceList']"}, {'type': 'wait', 'ms': 5000}, {'type': 'custom_screenshot', 'name': 'after_device list click.png'}]
[ACTION 1] click selector=a[href='#/operator/stationDevice/deviceList'] count=1
[ACTION 2] wait ms=5000
Screenshot salvato: logs/main/2026-04-11/after_device list click.png
Verifico reaction: {'type': 'element_present', 'selector': "tr[data-row-key='416360187241136128'] td"}
[REACTION] selector=tr[data-row-key='416360187241136128'] td count=25 url=https://solar.siseli.com/#/operator/stationDevice/deviceList?deviceApplyModeCategoryTabActiveKey=mainDevice
Esito reaction Device List click: True
END STEP: Device List click

====================================================================================================
START STEP: View click
====================================================================================================
Eseguo sequenza actions: [{'type': 'click', 'selector': "tr[data-row-key='416360187241136128'] a:has-text('View')"}, {'type': 'wait', 'ms': 5000}, {'type': 'custom_screenshot', 'name': 'after_view click.png'}]
[ACTION 1] click selector=tr[data-row-key='416360187241136128'] a:has-text('View') count=2
[ACTION 1] Errore durante action click: Locator.wait_for: Timeout 15000ms exceeded.
Call log:
  - waiting for locator("tr[data-row-key='416360187241136128'] a:has-text('View')").first to be visible
    33 × locator resolved to hidden <a>…</a>

[ACTION 1] URL corrente: https://solar.siseli.com/#/operator/stationDevice/deviceList?deviceApplyModeCategoryTabActiveKey=mainDevice
[ACTION 1] Selector: tr[data-row-key='416360187241136128'] a:has-text('View')
Screenshot salvato: logs/main/2026-04-11/action_fail_1_click_tr_data-row-key_416360187241136128__a_has-text_View.png

!!!!!!!!!!!!!!!!!!!!!!!!!!!!!!!!!!!!!!!!!!!!!!!!!!!!!!!!!!!!!!!!!!!!!!!!!!!!!!!!!!!!!!!!!!!!!!!!!!!!
ERRORE BLOCCANTE: Locator.wait_for: Timeout 15000ms exceeded.
Call log:
  - waiting for locator("tr[data-row-key='416360187241136128'] a:has-text('View')").first to be visible
    33 × locator resolved to hidden <a>…</a>

Traceback (most recent call last):
  File "/app/main.py", line 181, in main
    run_step(page, step_name, actions, reaction)
  File "/app/main.py", line 71, in run_step
    ok = run_actions_check_reaction(page, actions, reaction)
         ^^^^^^^^^^^^^^^^^^^^^^^^^^^^^^^^^^^^^^^^^^^^^^^^^^^
  File "/app/general.py", line 95, in run_actions_check_reaction
    locator.first.wait_for(state="visible", timeout=action_timeout)
  File "/usr/local/lib/python3.12/dist-packages/playwright/sync_api/_generated.py", line 18074, in wait_for
    self._sync(self._impl_obj.wait_for(timeout=timeout, state=state))
  File "/usr/local/lib/python3.12/dist-packages/playwright/_impl/_sync_base.py", line 115, in _sync
    return task.result()
           ^^^^^^^^^^^^^
  File "/usr/local/lib/python3.12/dist-packages/playwright/_impl/_locator.py", line 710, in wait_for
    await self._frame.wait_for_selector(
  File "/usr/local/lib/python3.12/dist-packages/playwright/_impl/_frame.py", line 369, in wait_for_selector
    await self._channel.send(
  File "/usr/local/lib/python3.12/dist-packages/playwright/_impl/_connection.py", line 69, in send
    return await self._connection.wrap_api_call(
           ^^^^^^^^^^^^^^^^^^^^^^^^^^^^^^^^^^^^^
  File "/usr/local/lib/python3.12/dist-packages/playwright/_impl/_connection.py", line 559, in wrap_api_call
    raise rewrite_error(error, f"{parsed_st['apiName']}: {error}") from None
playwright._impl._errors.TimeoutError: Locator.wait_for: Timeout 15000ms exceeded.
Call log:
  - waiting for locator("tr[data-row-key='416360187241136128'] a:has-text('View')").first to be visible
    33 × locator resolved to hidden <a>…</a>

!!!!!!!!!!!!!!!!!!!!!!!!!!!!!!!!!!!!!!!!!!!!!!!!!!!!!!!!!!!!!!!!!!!!!!!!!!!!!!!!!!!!!!!!!!!!!!!!!!!!
